18:58:59.336 [JavaFX Application Thread] TRACE com.aaron.actividad.DescargaController - Descarga Iniciada
18:59:16.720 [JavaFX Application Thread] TRACE com.aaron.actividad.DescargaController - Descarga Iniciada
19:00:14.904 [Thread-6] TRACE com.aaron.actividad.DescargaController - Descarga Finalizada
19:02:08.243 [JavaFX Application Thread] TRACE com.aaron.actividad.DescargaController - Descarga Iniciada
19:02:39.421 [Thread-4] TRACE com.aaron.actividad.DescargaController - Descarga Cancelada
19:02:59.328 [JavaFX Application Thread] TRACE com.aaron.actividad.DescargaController - Descarga Iniciada
19:03:45.691 [Thread-6] TRACE com.aaron.actividad.DescargaController - Descarga Finalizada
19:15:50.409 [JavaFX Application Thread] TRACE com.aaron.actividad.DescargaController - Descarga Iniciada
19:16:46.774 [JavaFX Application Thread] TRACE com.aaron.actividad.DescargaController - Descarga Iniciada
19:17:20.163 [Thread-6] TRACE com.aaron.actividad.DescargaController - Descarga Finalizada
19:19:28.662 [JavaFX Application Thread] TRACE com.aaron.actividad.DescargaController - Descarga Iniciada
19:23:58.380 [JavaFX Application Thread] TRACE com.aaron.actividad.DescargaController - Descarga Iniciada
19:25:35.245 [JavaFX Application Thread] TRACE com.aaron.actividad.DescargaController - Descarga Iniciada
19:26:09.111 [Thread-4] TRACE com.aaron.actividad.DescargaController - Descarga Finalizada
08:59:46.627 [JavaFX Application Thread] TRACE com.aaron.actividad.DescargaController - Descarga Iniciada
08:59:54.879 [Thread-4] TRACE com.aaron.actividad.DescargaController - Descarga Finalizada
09:06:01.146 [JavaFX Application Thread] TRACE com.aaron.actividad.DescargaController - Descarga Iniciada
09:06:01.510 [Thread-6] TRACE com.aaron.actividad.DescargaController - Descarga Finalizada
18:45:30.190 [JavaFX Application Thread] TRACE com.aaron.actividad.DescargaController - Descarga Iniciada
18:45:55.592 [Thread-4] TRACE com.aaron.actividad.DescargaController - Descarga Finalizada
18:55:00.499 [JavaFX Application Thread] TRACE com.aaron.actividad.DescargaController - Descarga Iniciada
18:56:33.768 [Thread-4] TRACE com.aaron.actividad.DescargaController - Descarga Finalizada
19:00:30.376 [JavaFX Application Thread] TRACE com.aaron.actividad.DescargaController - Descarga Iniciada
19:02:09.217 [Thread-4] TRACE com.aaron.actividad.DescargaController - Descarga Finalizada
19:04:06.299 [JavaFX Application Thread] TRACE com.aaron.actividad.DescargaController - Descarga Iniciada
19:04:43.446 [Thread-4] TRACE com.aaron.actividad.DescargaController - Descarga Cancelada
19:11:03.988 [JavaFX Application Thread] TRACE com.aaron.actividad.DescargaController - Descarga Iniciada
19:11:15.175 [Thread-4] TRACE com.aaron.actividad.DescargaController - Descarga Cancelada
19:19:11.103 [JavaFX Application Thread] TRACE com.aaron.actividad.DescargaController - Descarga Iniciada
19:19:19.441 [Thread-4] TRACE com.aaron.actividad.DescargaController - Descarga Cancelada
19:20:44.468 [JavaFX Application Thread] TRACE com.aaron.actividad.DescargaController - Descarga Iniciada
19:20:52.340 [Thread-4] TRACE com.aaron.actividad.DescargaController - Descarga Cancelada
19:27:06.027 [JavaFX Application Thread] TRACE com.aaron.actividad.DescargaController - Descarga Iniciada
19:27:12.819 [Thread-4] TRACE com.aaron.actividad.DescargaController - Descarga Cancelada
19:29:48.808 [JavaFX Application Thread] TRACE com.aaron.actividad.DescargaController - Descarga Iniciada
19:29:54.469 [Thread-4] TRACE com.aaron.actividad.DescargaController - Descarga Cancelada
19:32:00.436 [JavaFX Application Thread] TRACE com.aaron.actividad.DescargaController - Descarga Iniciada
19:32:04.333 [Thread-4] TRACE com.aaron.actividad.DescargaController - Descarga Cancelada
19:33:55.484 [JavaFX Application Thread] TRACE com.aaron.actividad.DescargaController - Descarga Iniciada
19:33:59.805 [Thread-4] TRACE com.aaron.actividad.DescargaController - Descarga Cancelada
19:34:25.570 [JavaFX Application Thread] TRACE com.aaron.actividad.DescargaController - Descarga Iniciada
19:35:38.047 [Thread-6] TRACE com.aaron.actividad.DescargaController - Descarga Finalizada
19:40:16.415 [JavaFX Application Thread] TRACE com.aaron.actividad.DescargaController - Descarga Iniciada
19:48:49.026 [JavaFX Application Thread] TRACE com.aaron.actividad.DescargaController - Descarga Iniciada
07:43:11.627 [JavaFX Application Thread] TRACE com.aaron.actividad.DescargaController - Descarga Iniciada
07:43:13.787 [JavaFX Application Thread] TRACE com.aaron.actividad.DescargaController - Descarga Iniciada
07:43:15.664 [JavaFX Application Thread] TRACE com.aaron.actividad.DescargaController - Descarga Iniciada
07:43:17.627 [JavaFX Application Thread] TRACE com.aaron.actividad.DescargaController - Descarga Iniciada
07:43:19.554 [JavaFX Application Thread] TRACE com.aaron.actividad.DescargaController - Descarga Iniciada
07:48:11.989 [JavaFX Application Thread] TRACE com.aaron.actividad.DescargaController - Descarga Iniciada
07:48:15.078 [JavaFX Application Thread] TRACE com.aaron.actividad.DescargaController - Descarga Iniciada
07:50:12.961 [JavaFX Application Thread] TRACE com.aaron.actividad.DescargaController - Descarga Iniciada
07:50:14.922 [JavaFX Application Thread] TRACE com.aaron.actividad.DescargaController - Descarga Iniciada
07:50:20.420 [JavaFX Application Thread] TRACE com.aaron.actividad.DescargaController - Descarga Iniciada
07:50:22.258 [JavaFX Application Thread] TRACE com.aaron.actividad.DescargaController - Descarga Iniciada
07:50:23.914 [JavaFX Application Thread] TRACE com.aaron.actividad.DescargaController - Descarga Iniciada
08:12:12.342 [JavaFX Application Thread] TRACE com.aaron.actividad.DescargaController - Descarga Iniciada
08:20:31.145 [JavaFX Application Thread] TRACE com.aaron.actividad.DescargaController - Descarga Iniciada
08:25:06.434 [JavaFX Application Thread] TRACE com.aaron.actividad.DescargaController - Descarga Iniciada
08:26:36.652 [JavaFX Application Thread] TRACE com.aaron.actividad.DescargaController - Descarga Iniciada
08:30:45.031 [JavaFX Application Thread] TRACE com.aaron.actividad.DescargaController - Descarga Iniciada
08:32:17.026 [JavaFX Application Thread] TRACE com.aaron.actividad.DescargaController - Descarga Iniciada
08:33:37.098 [JavaFX Application Thread] TRACE com.aaron.actividad.DescargaController - Descarga Iniciada
08:35:14.233 [JavaFX Application Thread] TRACE com.aaron.actividad.DescargaController - Descarga Iniciada
08:36:26.776 [JavaFX Application Thread] TRACE com.aaron.actividad.DescargaController - Descarga Iniciada
09:00:53.110 [JavaFX Application Thread] TRACE com.aaron.actividad.DescargaController - Descarga Iniciada
09:01:05.447 [JavaFX Application Thread] TRACE com.aaron.actividad.DescargaController - Descarga Iniciada
09:01:07.382 [JavaFX Application Thread] TRACE com.aaron.actividad.DescargaController - Descarga Iniciada
09:01:08.638 [JavaFX Application Thread] TRACE com.aaron.actividad.DescargaController - Descarga Iniciada
09:01:09.912 [JavaFX Application Thread] TRACE com.aaron.actividad.DescargaController - Descarga Iniciada
09:01:30.131 [JavaFX Application Thread] TRACE com.aaron.actividad.DescargaController - Descarga Iniciada
09:38:41.168 [JavaFX Application Thread] TRACE com.aaron.actividad.DescargaController - Descarga Iniciada
09:38:41.211 [JavaFX Application Thread] TRACE com.aaron.actividad.DescargaController - Descarga Iniciada
09:38:41.249 [JavaFX Application Thread] TRACE com.aaron.actividad.DescargaController - Descarga Iniciada
09:38:41.287 [JavaFX Application Thread] TRACE com.aaron.actividad.DescargaController - Descarga Iniciada
09:38:41.324 [JavaFX Application Thread] TRACE com.aaron.actividad.DescargaController - Descarga Iniciada
10:09:22.579 [JavaFX Application Thread] TRACE com.aaron.actividad.DescargaController - Descarga Iniciada
10:09:22.634 [JavaFX Application Thread] TRACE com.aaron.actividad.DescargaController - Descarga Iniciada
10:09:22.726 [JavaFX Application Thread] TRACE com.aaron.actividad.DescargaController - Descarga Iniciada
10:09:22.795 [JavaFX Application Thread] TRACE com.aaron.actividad.DescargaController - Descarga Iniciada
10:09:22.877 [JavaFX Application Thread] TRACE com.aaron.actividad.DescargaController - Descarga Iniciada
10:11:29.739 [JavaFX Application Thread] TRACE com.aaron.actividad.DescargaController - Descarga Iniciada
10:11:29.794 [JavaFX Application Thread] TRACE com.aaron.actividad.DescargaController - Descarga Iniciada
10:11:29.900 [JavaFX Application Thread] TRACE com.aaron.actividad.DescargaController - Descarga Iniciada
10:11:29.949 [JavaFX Application Thread] TRACE com.aaron.actividad.DescargaController - Descarga Iniciada
10:11:30.049 [JavaFX Application Thread] TRACE com.aaron.actividad.DescargaController - Descarga Iniciada
10:15:15.582 [JavaFX Application Thread] TRACE com.aaron.actividad.DescargaController - Descarga Iniciada
10:15:15.652 [JavaFX Application Thread] TRACE com.aaron.actividad.DescargaController - Descarga Iniciada
10:15:15.709 [JavaFX Application Thread] TRACE com.aaron.actividad.DescargaController - Descarga Iniciada
10:15:15.794 [JavaFX Application Thread] TRACE com.aaron.actividad.DescargaController - Descarga Iniciada
10:15:15.879 [JavaFX Application Thread] TRACE com.aaron.actividad.DescargaController - Descarga Iniciada
10:19:03.832 [JavaFX Application Thread] TRACE com.aaron.actividad.DescargaController - Descarga Iniciada
10:19:03.913 [JavaFX Application Thread] TRACE com.aaron.actividad.DescargaController - Descarga Iniciada
10:19:03.956 [JavaFX Application Thread] TRACE com.aaron.actividad.DescargaController - Descarga Iniciada
10:19:04.005 [JavaFX Application Thread] TRACE com.aaron.actividad.DescargaController - Descarga Iniciada
10:19:04.088 [JavaFX Application Thread] TRACE com.aaron.actividad.DescargaController - Descarga Iniciada
10:23:42.724 [JavaFX Application Thread] TRACE com.aaron.actividad.DescargaController - Descarga Iniciada
10:25:51.871 [JavaFX Application Thread] TRACE com.aaron.actividad.DescargaController - Descarga Iniciada
10:27:45.168 [JavaFX Application Thread] TRACE com.aaron.actividad.DescargaController - Descarga Iniciada
10:29:04.889 [Thread-6] TRACE com.aaron.actividad.DescargaController - Descarga Finalizada
10:36:46.802 [JavaFX Application Thread] TRACE com.aaron.actividad.DescargaController - Descarga Iniciada
10:36:46.867 [JavaFX Application Thread] TRACE com.aaron.actividad.DescargaController - Descarga Iniciada
10:36:46.900 [JavaFX Application Thread] TRACE com.aaron.actividad.DescargaController - Descarga Iniciada
10:36:47.016 [JavaFX Application Thread] TRACE com.aaron.actividad.DescargaController - Descarga Iniciada
10:36:47.104 [JavaFX Application Thread] TRACE com.aaron.actividad.DescargaController - Descarga Iniciada
10:38:13.687 [JavaFX Application Thread] TRACE com.aaron.actividad.DescargaController - Descarga Iniciada
10:38:23.069 [Thread-14] TRACE com.aaron.actividad.DescargaController - Descarga Finalizada
10:44:11.394 [Thread-6] TRACE com.aaron.actividad.DescargaController - Descarga Finalizada
10:44:32.932 [JavaFX Application Thread] TRACE com.aaron.actividad.DescargaController - Descarga Iniciada
10:44:41.614 [Thread-4] TRACE com.aaron.actividad.DescargaController - Descarga Finalizada
10:45:15.900 [JavaFX Application Thread] TRACE com.aaron.actividad.DescargaController - Descarga Iniciada
10:45:19.978 [Thread-6] TRACE com.aaron.actividad.DescargaController - Descarga Finalizada
10:45:29.812 [Thread-4] TRACE com.aaron.actividad.DescargaController - Descarga Finalizada
10:47:14.063 [JavaFX Application Thread] TRACE com.aaron.actividad.DescargaController - Descarga Iniciada
10:47:21.397 [Thread-12] TRACE com.aaron.actividad.DescargaController - Descarga Finalizada
10:47:24.406 [Thread-10] TRACE com.aaron.actividad.DescargaController - Descarga Finalizada
10:48:05.715 [JavaFX Application Thread] TRACE com.aaron.actividad.DescargaController - Descarga Iniciada
10:48:10.639 [Thread-6] TRACE com.aaron.actividad.DescargaController - Descarga Finalizada
10:48:33.475 [JavaFX Application Thread] TRACE com.aaron.actividad.DescargaController - Descarga Iniciada
10:48:37.673 [Thread-8] TRACE com.aaron.actividad.DescargaController - Descarga Finalizada
10:51:23.722 [JavaFX Application Thread] TRACE com.aaron.actividad.DescargaController - Descarga Iniciada
10:51:40.622 [Thread-10] TRACE com.aaron.actividad.DescargaController - Descarga Finalizada
10:51:41.791 [JavaFX Application Thread] TRACE com.aaron.actividad.DescargaController - Descarga Iniciada
10:51:41.856 [JavaFX Application Thread] TRACE com.aaron.actividad.DescargaController - Descarga Iniciada
10:51:41.939 [JavaFX Application Thread] TRACE com.aaron.actividad.DescargaController - Descarga Iniciada
10:51:41.967 [JavaFX Application Thread] TRACE com.aaron.actividad.DescargaController - Descarga Iniciada
10:52:19.561 [Thread-8] TRACE com.aaron.actividad.DescargaController - Descarga Finalizada
10:52:49.461 [JavaFX Application Thread] TRACE com.aaron.actividad.DescargaController - Descarga Iniciada
10:53:05.629 [Thread-8] TRACE com.aaron.actividad.DescargaController - Descarga Finalizada
10:53:13.931 [JavaFX Application Thread] TRACE com.aaron.actividad.DescargaController - Descarga Iniciada
10:53:22.679 [Thread-15] TRACE com.aaron.actividad.DescargaController - Descarga Finalizada
10:55:32.268 [Thread-4] TRACE com.aaron.actividad.DescargaController - Descarga Finalizada
10:55:49.055 [JavaFX Application Thread] TRACE com.aaron.actividad.DescargaController - Descarga Iniciada
10:55:49.124 [JavaFX Application Thread] TRACE com.aaron.actividad.DescargaController - Descarga Iniciada
10:55:49.163 [JavaFX Application Thread] TRACE com.aaron.actividad.DescargaController - Descarga Iniciada
10:55:49.245 [JavaFX Application Thread] TRACE com.aaron.actividad.DescargaController - Descarga Iniciada
10:55:49.346 [JavaFX Application Thread] TRACE com.aaron.actividad.DescargaController - Descarga Iniciada
10:56:15.224 [JavaFX Application Thread] TRACE com.aaron.actividad.DescargaController - Descarga Iniciada
10:56:25.321 [Thread-14] TRACE com.aaron.actividad.DescargaController - Descarga Finalizada
10:56:30.303 [JavaFX Application Thread] TRACE com.aaron.actividad.DescargaController - Descarga Iniciada
10:56:36.664 [JavaFX Application Thread] TRACE com.aaron.actividad.DescargaController - Descarga Iniciada
10:56:44.684 [JavaFX Application Thread] TRACE com.aaron.actividad.DescargaController - Descarga Iniciada
10:56:50.743 [JavaFX Application Thread] TRACE com.aaron.actividad.DescargaController - Descarga Iniciada
10:57:09.205 [Thread-12] TRACE com.aaron.actividad.DescargaController - Descarga Finalizada
10:57:34.682 [JavaFX Application Thread] ERROR com.aaron.actividad.DescargaController - Error de descargajava.net.MalformedURLException: no protocol: 
10:58:22.502 [Thread-4] TRACE com.aaron.actividad.DescargaController - Descarga Finalizada
10:58:28.577 [Thread-10] TRACE com.aaron.actividad.DescargaController - Descarga Finalizada
10:58:38.246 [Thread-6] TRACE com.aaron.actividad.DescargaController - Descarga Finalizada
11:00:06.562 [Thread-6] TRACE com.aaron.actividad.DescargaController - Descarga Finalizada
11:00:39.737 [Thread-4] TRACE com.aaron.actividad.DescargaController - Descarga Finalizada
11:01:15.758 [Thread-12] TRACE com.aaron.actividad.DescargaController - Descarga Finalizada
11:01:47.015 [Thread-8] TRACE com.aaron.actividad.DescargaController - Descarga Finalizada
11:02:44.390 [Thread-4] TRACE com.aaron.actividad.DescargaController - Descarga Finalizada
11:03:06.623 [Thread-8] TRACE com.aaron.actividad.DescargaController - Descarga Finalizada
11:04:52.869 [Thread-12] TRACE com.aaron.actividad.DescargaController - Descarga Finalizada
11:19:01.246 [JavaFX Application Thread] TRACE com.aaron.actividad.DescargaController - Descarga Iniciada
11:19:01.294 [JavaFX Application Thread] TRACE com.aaron.actividad.DescargaController - Descarga Iniciada
11:19:01.333 [JavaFX Application Thread] TRACE com.aaron.actividad.DescargaController - Descarga Iniciada
11:22:54.869 [JavaFX Application Thread] TRACE com.aaron.actividad.DescargaController - Descarga Iniciada
11:23:01.037 [Thread-4] TRACE com.aaron.actividad.DescargaController - Descarga Finalizada
11:25:15.350 [JavaFX Application Thread] TRACE com.aaron.actividad.DescargaController - Descarga Iniciada
11:25:44.112 [Thread-4] TRACE com.aaron.actividad.DescargaController - Descarga Finalizada
11:26:17.372 [Thread-4] TRACE com.aaron.actividad.DescargaController - Descarga Finalizada
11:26:46.624 [JavaFX Application Thread] TRACE com.aaron.actividad.DescargaController - Descarga Iniciada
11:26:55.404 [JavaFX Application Thread] TRACE com.aaron.actividad.DescargaController - Descarga Iniciada
11:27:10.487 [Thread-8] TRACE com.aaron.actividad.DescargaController - Descarga Finalizada
11:27:19.125 [Thread-6] TRACE com.aaron.actividad.DescargaController - Descarga Finalizada
11:27:49.827 [JavaFX Application Thread] TRACE com.aaron.actividad.DescargaController - Descarga Iniciada
11:27:53.283 [Thread-10] TRACE com.aaron.actividad.DescargaController - Descarga Finalizada
11:53:58.662 [JavaFX Application Thread] TRACE com.aaron.actividad.DescargaController - Descarga Iniciada
11:54:01.986 [Thread-4] TRACE com.aaron.actividad.DescargaController - Descarga Finalizada
11:58:57.763 [JavaFX Application Thread] TRACE com.aaron.actividad.DescargaController - Descarga Iniciada
11:59:01.271 [Thread-4] TRACE com.aaron.actividad.DescargaController - Descarga Finalizada
12:02:28.069 [JavaFX Application Thread] TRACE com.aaron.actividad.DescargaController - Descarga Iniciada
12:02:28.242 [JavaFX Application Thread] TRACE com.aaron.actividad.DescargaController - Descarga Iniciada
12:02:28.369 [JavaFX Application Thread] TRACE com.aaron.actividad.DescargaController - Descarga Iniciada
12:02:28.493 [JavaFX Application Thread] TRACE com.aaron.actividad.DescargaController - Descarga Iniciada
12:02:28.600 [JavaFX Application Thread] TRACE com.aaron.actividad.DescargaController - Descarga Iniciada
12:03:29.987 [JavaFX Application Thread] TRACE com.aaron.actividad.DescargaController - Descarga cancelada
12:03:31.300 [JavaFX Application Thread] TRACE com.aaron.actividad.DescargaController - Descarga eliminada
12:03:35.344 [JavaFX Application Thread] TRACE com.aaron.actividad.DescargaController - Descarga cancelada
12:03:36.650 [JavaFX Application Thread] TRACE com.aaron.actividad.DescargaController - Descarga eliminada
12:03:41.612 [JavaFX Application Thread] TRACE com.aaron.actividad.DescargaController - Descarga cancelada
12:03:42.225 [JavaFX Application Thread] TRACE com.aaron.actividad.DescargaController - Descarga eliminada
12:03:44.963 [JavaFX Application Thread] TRACE com.aaron.actividad.DescargaController - Descarga cancelada
12:03:48.202 [JavaFX Application Thread] TRACE com.aaron.actividad.DescargaController - Descarga eliminada
12:03:51.600 [JavaFX Application Thread] TRACE com.aaron.actividad.DescargaController - Descarga cancelada
12:03:52.235 [JavaFX Application Thread] TRACE com.aaron.actividad.DescargaController - Descarga eliminada
12:06:57.923 [JavaFX Application Thread] TRACE com.aaron.actividad.DescargaController - Descarga Iniciada
12:09:15.593 [JavaFX Application Thread] TRACE com.aaron.actividad.DescargaController - Descarga Iniciada
12:11:25.376 [Thread-4] TRACE com.aaron.actividad.DescargaController - Descarga Finalizada
12:12:56.761 [JavaFX Application Thread] TRACE com.aaron.actividad.DescargaController - Descarga Iniciada
12:12:57.039 [JavaFX Application Thread] TRACE com.aaron.actividad.DescargaController - Descarga Iniciada
12:12:57.182 [JavaFX Application Thread] TRACE com.aaron.actividad.DescargaController - Descarga Iniciada
12:12:57.367 [JavaFX Application Thread] TRACE com.aaron.actividad.DescargaController - Descarga Iniciada
12:12:57.517 [JavaFX Application Thread] TRACE com.aaron.actividad.DescargaController - Descarga Iniciada
12:13:26.033 [JavaFX Application Thread] TRACE com.aaron.actividad.DescargaController - Descarga cancelada
12:13:26.624 [JavaFX Application Thread] TRACE com.aaron.actividad.DescargaController - Descarga eliminada
12:13:30.986 [JavaFX Application Thread] TRACE com.aaron.actividad.DescargaController - Descarga cancelada
12:13:31.667 [JavaFX Application Thread] TRACE com.aaron.actividad.DescargaController - Descarga eliminada
12:13:34.185 [JavaFX Application Thread] TRACE com.aaron.actividad.DescargaController - Descarga cancelada
12:13:34.790 [JavaFX Application Thread] TRACE com.aaron.actividad.DescargaController - Descarga eliminada
12:13:37.720 [JavaFX Application Thread] TRACE com.aaron.actividad.DescargaController - Descarga cancelada
12:13:38.363 [JavaFX Application Thread] TRACE com.aaron.actividad.DescargaController - Descarga eliminada
12:13:41.081 [JavaFX Application Thread] TRACE com.aaron.actividad.DescargaController - Descarga cancelada
12:13:41.712 [JavaFX Application Thread] TRACE com.aaron.actividad.DescargaController - Descarga eliminada
12:15:32.721 [JavaFX Application Thread] TRACE com.aaron.actividad.DescargaController - Descarga Iniciada
12:15:36.164 [Thread-4] TRACE com.aaron.actividad.DescargaController - Descarga Finalizada
12:15:45.461 [JavaFX Application Thread] TRACE com.aaron.actividad.DescargaController - Descarga Iniciada
12:15:47.119 [Thread-6] TRACE com.aaron.actividad.DescargaController - Descarga Finalizada
22:03:26.597 [JavaFX Application Thread] TRACE com.aaron.actividad.DescargaController - Descarga Iniciada
22:03:42.785 [JavaFX Application Thread] TRACE com.aaron.actividad.DescargaController - Descarga cancelada
22:05:40.723 [JavaFX Application Thread] TRACE com.aaron.actividad.DescargaController - Descarga Iniciada
22:07:18.197 [JavaFX Application Thread] TRACE com.aaron.actividad.DescargaController - Descarga cancelada
22:07:20.695 [JavaFX Application Thread] TRACE com.aaron.actividad.DescargaController - Descarga eliminada
15:36:28.109 [JavaFX Application Thread] TRACE com.aaron.actividad.DescargaController - Descarga Iniciada
15:36:29.682 [Thread-4] TRACE com.aaron.actividad.DescargaController - Descarga Finalizada
15:39:18.157 [JavaFX Application Thread] TRACE com.aaron.actividad.DescargaController - Descarga Iniciada
15:39:19.719 [Thread-4] TRACE com.aaron.actividad.DescargaController - Descarga Finalizada
15:39:33.837 [JavaFX Application Thread] TRACE com.aaron.actividad.DescargaController - Descarga Iniciada
15:39:35.287 [Thread-6] TRACE com.aaron.actividad.DescargaController - Descarga Finalizada
15:39:47.135 [JavaFX Application Thread] TRACE com.aaron.actividad.DescargaController - Descarga eliminada
15:39:50.221 [JavaFX Application Thread] TRACE com.aaron.actividad.DescargaController - Descarga eliminada
15:43:18.085 [JavaFX Application Thread] TRACE com.aaron.actividad.DescargaController - Descarga Iniciada
15:43:27.141 [Thread-4] TRACE com.aaron.actividad.DescargaController - Descarga Finalizada
15:48:13.340 [JavaFX Application Thread] TRACE com.aaron.actividad.DescargaController - Descarga eliminada
15:54:30.121 [JavaFX Application Thread] TRACE com.aaron.actividad.DescargaController - Descarga Iniciada
15:54:39.519 [Thread-4] TRACE com.aaron.actividad.DescargaController - Descarga Finalizada
15:55:31.223 [JavaFX Application Thread] TRACE com.aaron.actividad.DescargaController - Descarga Iniciada
15:55:32.900 [Thread-6] TRACE com.aaron.actividad.DescargaController - Descarga Finalizada
15:55:49.422 [JavaFX Application Thread] TRACE com.aaron.actividad.DescargaController - Descarga eliminada
15:55:53.885 [JavaFX Application Thread] TRACE com.aaron.actividad.DescargaController - Descarga eliminada
16:04:57.009 [JavaFX Application Thread] TRACE com.aaron.actividad.DescargaController - Descarga Iniciada
16:05:03.001 [Thread-4] TRACE com.aaron.actividad.DescargaController - Descarga Finalizada
16:15:48.234 [JavaFX Application Thread] TRACE com.aaron.actividad.DescargaController - Descarga eliminada
16:18:34.653 [JavaFX Application Thread] TRACE com.aaron.actividad.DescargaController - Descarga Iniciada
16:18:35.849 [JavaFX Application Thread] TRACE com.aaron.actividad.DescargaController - Descarga Iniciada
16:18:38.607 [JavaFX Application Thread] TRACE com.aaron.actividad.DescargaController - Descarga Iniciada
16:18:40.858 [JavaFX Application Thread] TRACE com.aaron.actividad.DescargaController - Descarga Iniciada
16:18:44.393 [JavaFX Application Thread] TRACE com.aaron.actividad.DescargaController - Descarga Iniciada
16:19:31.917 [JavaFX Application Thread] TRACE com.aaron.actividad.DescargaController - Descarga cancelada
16:19:33.190 [JavaFX Application Thread] TRACE com.aaron.actividad.DescargaController - Descarga eliminada
16:19:37.086 [JavaFX Application Thread] TRACE com.aaron.actividad.DescargaController - Descarga cancelada
16:19:38.700 [JavaFX Application Thread] TRACE com.aaron.actividad.DescargaController - Descarga eliminada
16:19:43.621 [JavaFX Application Thread] TRACE com.aaron.actividad.DescargaController - Descarga cancelada
16:19:44.946 [JavaFX Application Thread] TRACE com.aaron.actividad.DescargaController - Descarga eliminada
16:19:49.054 [JavaFX Application Thread] TRACE com.aaron.actividad.DescargaController - Descarga cancelada
16:19:50.797 [JavaFX Application Thread] TRACE com.aaron.actividad.DescargaController - Descarga eliminada
16:19:55.192 [JavaFX Application Thread] TRACE com.aaron.actividad.DescargaController - Descarga cancelada
16:19:55.867 [JavaFX Application Thread] TRACE com.aaron.actividad.DescargaController - Descarga eliminada
16:23:15.392 [JavaFX Application Thread] TRACE com.aaron.actividad.DescargaController - Descarga Iniciada
16:23:32.140 [JavaFX Application Thread] TRACE com.aaron.actividad.DescargaController - Descarga cancelada
16:23:32.988 [JavaFX Application Thread] TRACE com.aaron.actividad.DescargaController - Descarga eliminada
17:30:16.601 [JavaFX Application Thread] TRACE com.aaron.actividad.DescargaController - Descarga Iniciada
17:30:39.014 [JavaFX Application Thread] TRACE com.aaron.actividad.DescargaController - Descarga cancelada
17:30:40.374 [JavaFX Application Thread] TRACE com.aaron.actividad.DescargaController - Descarga eliminada
17:32:14.641 [JavaFX Application Thread] TRACE com.aaron.actividad.DescargaController - Descarga Iniciada
17:32:41.343 [JavaFX Application Thread] TRACE com.aaron.actividad.DescargaController - Descarga cancelada
17:32:42.817 [JavaFX Application Thread] TRACE com.aaron.actividad.DescargaController - Descarga eliminada
17:39:29.634 [JavaFX Application Thread] ERROR com.aaron.actividad.DescargaController - Error de descargajava.net.MalformedURLException: no protocol: ashfual
